Determining if the pthread_create exist failed with the following output:
Change Dir: /home/george/mobilerobot_ws/build/CMakeFiles/CMakeTmp

Run Build Command:"/usr/bin/make" "cmTC_815a8/fast"
/usr/bin/make -f CMakeFiles/cmTC_815a8.dir/build.make CMakeFiles/cmTC_815a8.dir/build
make[1]: Entering directory '/home/george/mobilerobot_ws/build/CMakeFiles/CMakeTmp'
Building C object CMakeFiles/cmTC_815a8.dir/CheckSymbolExists.c.o
/usr/bin/cc    -o CMakeFiles/cmTC_815a8.dir/CheckSymbolExists.c.o   -c /home/george/mobilerobot_ws/build/CMakeFiles/CMakeTmp/CheckSymbolExists.c
Linking C executable cmTC_815a8
/usr/bin/cmake -E cmake_link_script CMakeFiles/cmTC_815a8.dir/link.txt --verbose=1
/usr/bin/cc      -rdynamic CMakeFiles/cmTC_815a8.dir/CheckSymbolExists.c.o  -o cmTC_815a8 
CMakeFiles/cmTC_815a8.dir/CheckSymbolExists.c.o: In function `main':
CheckSymbolExists.c:(.text+0x1b): undefined reference to `pthread_create'
collect2: error: ld returned 1 exit status
CMakeFiles/cmTC_815a8.dir/build.make:97: recipe for target 'cmTC_815a8' failed
make[1]: *** [cmTC_815a8] Error 1
make[1]: Leaving directory '/home/george/mobilerobot_ws/build/CMakeFiles/CMakeTmp'
Makefile:126: recipe for target 'cmTC_815a8/fast' failed
make: *** [cmTC_815a8/fast] Error 2

File /home/george/mobilerobot_ws/build/CMakeFiles/CMakeTmp/CheckSymbolExists.c:
/* */
#include <pthread.h>

int main(int argc, char** argv)
{
  (void)argv;
#ifndef pthread_create
  return ((int*)(&pthread_create))[argc];
#else
  (void)argc;
  return 0;
#endif
}

Determining if the function pthread_create exists in the pthreads failed with the following output:
Change Dir: /home/george/mobilerobot_ws/build/CMakeFiles/CMakeTmp

Run Build Command:"/usr/bin/make" "cmTC_d649c/fast"
/usr/bin/make -f CMakeFiles/cmTC_d649c.dir/build.make CMakeFiles/cmTC_d649c.dir/build
make[1]: Entering directory '/home/george/mobilerobot_ws/build/CMakeFiles/CMakeTmp'
Building C object CMakeFiles/cmTC_d649c.dir/CheckFunctionExists.c.o
/usr/bin/cc   -DCHECK_FUNCTION_EXISTS=pthread_create   -o CMakeFiles/cmTC_d649c.dir/CheckFunctionExists.c.o   -c /usr/share/cmake-3.10/Modules/CheckFunctionExists.c
Linking C executable cmTC_d649c
/usr/bin/cmake -E cmake_link_script CMakeFiles/cmTC_d649c.dir/link.txt --verbose=1
/usr/bin/cc  -DCHECK_FUNCTION_EXISTS=pthread_create    -rdynamic CMakeFiles/cmTC_d649c.dir/CheckFunctionExists.c.o  -o cmTC_d649c -lpthreads 
/usr/bin/ld: cannot find -lpthreads
collect2: error: ld returned 1 exit status
CMakeFiles/cmTC_d649c.dir/build.make:97: recipe for target 'cmTC_d649c' failed
make[1]: *** [cmTC_d649c] Error 1
make[1]: Leaving directory '/home/george/mobilerobot_ws/build/CMakeFiles/CMakeTmp'
Makefile:126: recipe for target 'cmTC_d649c/fast' failed
make: *** [cmTC_d649c/fast] Error 2


